Info: Starting: Create block symbol file (.bsf)
Info: qsys-generate D:\memory\MemoryProcessing\HW\soc.qsys --block-symbol-file --output-directory=D:\memory\MemoryProcessing\HW\soc --family="Cyclone V" --part=5CSXFC6D6F31C6
Progress: Loading HW/soc.qsys
Progress: Reading input file
Progress: Adding clk_0 [clock_source 15.0]
Progress: Parameterizing module clk_0
Progress: Adding hps_0 [altera_hps 15.0]
Progress: Parameterizing module hps_0
Progress: Adding read_master_sgdma [dma_read_master 15.0]
Progress: Parameterizing module read_master_sgdma
Progress: Adding sc_fifo_0 [altera_avalon_sc_fifo 15.0]
Progress: Parameterizing module sc_fifo_0
Progress: Adding sgdma_read [modular_sgdma_dispatcher 15.0]
Progress: Parameterizing module sgdma_read
Progress: Adding sgdma_write [modular_sgdma_dispatcher 15.0]
Progress: Parameterizing module sgdma_write
Progress: Adding write_master_sgdma [dma_write_master 15.0]
Progress: Parameterizing module write_master_sgdma
Progress: Building connections
Progress: Parameterizing connections
Progress: Validating
Progress: Done reading input file
Info: soc.hps_0: HPS Main PLL counter settings: n = 0  m = 73
Info: soc.hps_0: HPS peripherial PLL counter settings: n = 0  m = 39
Warning: soc.hps_0: "Configuration/HPS-to-FPGA user 0 clock frequency" (desired_cfg_clk_mhz) requested 100.0 MHz, but only achieved 97.368421 MHz
Warning: soc.hps_0: 1 or more output clock frequencies cannot be achieved precisely, consider revising desired output clock frequencies.
Warning: soc.hps_0: set_interface_assignment: Interface "hps_io" does not exist
Info: soc.sc_fifo_0.out/write_master_sgdma.Data_Sink: Max channel is 255 for source and 0 for sink. Avalon-ST Adapter will be inserted..
Info: soc.sc_fifo_0.out/write_master_sgdma.Data_Sink: The source has a channel signal of 8 bits, but the sink does not. Avalon-ST Adapter will be inserted.
Warning: soc.sgdma_read: Interrupt sender sgdma_read.csr_irq is not connected to an interrupt receiver
Warning: soc.sgdma_write: Interrupt sender sgdma_write.csr_irq is not connected to an interrupt receiver
Info: ip-generate succeeded.
Info: Finished: Create block symbol file (.bsf)
Info: 
Info: Starting: Create HDL design files for synthesis
Info: qsys-generate D:\memory\MemoryProcessing\HW\soc.qsys --synthesis=VHDL --output-directory=D:\memory\MemoryProcessing\HW\soc\synthesis --family="Cyclone V" --part=5CSXFC6D6F31C6
Progress: Loading HW/soc.qsys
Progress: Reading input file
Progress: Adding clk_0 [clock_source 15.0]
Progress: Parameterizing module clk_0
Progress: Adding hps_0 [altera_hps 15.0]
Progress: Parameterizing module hps_0
Progress: Adding read_master_sgdma [dma_read_master 15.0]
Progress: Parameterizing module read_master_sgdma
Progress: Adding sc_fifo_0 [altera_avalon_sc_fifo 15.0]
Progress: Parameterizing module sc_fifo_0
Progress: Adding sgdma_read [modular_sgdma_dispatcher 15.0]
Progress: Parameterizing module sgdma_read
Progress: Adding sgdma_write [modular_sgdma_dispatcher 15.0]
Progress: Parameterizing module sgdma_write
Progress: Adding write_master_sgdma [dma_write_master 15.0]
Progress: Parameterizing module write_master_sgdma
Progress: Building connections
Progress: Parameterizing connections
Progress: Validating
Progress: Done reading input file
Info: soc.hps_0: HPS Main PLL counter settings: n = 0  m = 73
Info: soc.hps_0: HPS peripherial PLL counter settings: n = 0  m = 39
Warning: soc.hps_0: "Configuration/HPS-to-FPGA user 0 clock frequency" (desired_cfg_clk_mhz) requested 100.0 MHz, but only achieved 97.368421 MHz
Warning: soc.hps_0: 1 or more output clock frequencies cannot be achieved precisely, consider revising desired output clock frequencies.
Warning: soc.hps_0: set_interface_assignment: Interface "hps_io" does not exist
Info: soc.sc_fifo_0.out/write_master_sgdma.Data_Sink: Max channel is 255 for source and 0 for sink. Avalon-ST Adapter will be inserted..
Info: soc.sc_fifo_0.out/write_master_sgdma.Data_Sink: The source has a channel signal of 8 bits, but the sink does not. Avalon-ST Adapter will be inserted.
Warning: soc.sgdma_read: Interrupt sender sgdma_read.csr_irq is not connected to an interrupt receiver
Warning: soc.sgdma_write: Interrupt sender sgdma_write.csr_irq is not connected to an interrupt receiver
Info: soc: Generating soc "soc" for QUARTUS_SYNTH
Info: Interconnect is inserted between master read_master_sgdma.Data_Read_Master and slave hps_0.f2h_sdram1_data because the master has address signal 32 bit wide, but the slave is 29 bit wide.
Info: Interconnect is inserted between master read_master_sgdma.Data_Read_Master and slave hps_0.f2h_sdram1_data because the master has byteenable signal 8 bit wide, but the slave is 0 bit wide.
Info: Interconnect is inserted between master write_master_sgdma.Data_Write_Master and slave hps_0.f2h_sdram0_data because the master has address signal 32 bit wide, but the slave is 29 bit wide.
Info: avalon_st_adapter: Inserting channel_adapter: channel_adapter_0
Info: hps_0: "Running  for module: hps_0"
Info: hps_0: HPS Main PLL counter settings: n = 0  m = 73
Info: hps_0: HPS peripherial PLL counter settings: n = 0  m = 39
Warning: hps_0: "Configuration/HPS-to-FPGA user 0 clock frequency" (desired_cfg_clk_mhz) requested 100.0 MHz, but only achieved 97.368421 MHz
Warning: hps_0: 1 or more output clock frequencies cannot be achieved precisely, consider revising desired output clock frequencies.
Warning: hps_0: set_interface_assignment: Interface "hps_io" does not exist
Info: hps_0: "soc" instantiated altera_hps "hps_0"
Info: read_master_sgdma: "soc" instantiated dma_read_master "read_master_sgdma"
Info: sc_fifo_0: "soc" instantiated altera_avalon_sc_fifo "sc_fifo_0"
Info: sgdma_read: "soc" instantiated modular_sgdma_dispatcher "sgdma_read"
Info: write_master_sgdma: "soc" instantiated dma_write_master "write_master_sgdma"
Info: avalon_st_adapter: Inserting error_adapter: error_adapter_0
Info: mm_interconnect_0: "soc" instantiated altera_mm_interconnect "mm_interconnect_0"
Info: avalon_st_adapter: Inserting error_adapter: error_adapter_0
Info: mm_interconnect_1: "soc" instantiated altera_mm_interconnect "mm_interconnect_1"
Info: avalon_st_adapter: Inserting error_adapter: error_adapter_0
Info: avalon_st_adapter_001: Inserting error_adapter: error_adapter_0
Info: avalon_st_adapter_002: Inserting error_adapter: error_adapter_0
Info: avalon_st_adapter_003: Inserting error_adapter: error_adapter_0
Info: mm_interconnect_2: "soc" instantiated altera_mm_interconnect "mm_interconnect_2"
Info: avalon_st_adapter: "soc" instantiated altera_avalon_st_adapter "avalon_st_adapter"
Info: rst_controller: "soc" instantiated altera_reset_controller "rst_controller"
Info: fpga_interfaces: "hps_0" instantiated altera_interface_generator "fpga_interfaces"
Info: hps_io: "hps_0" instantiated altera_hps_io "hps_io"
Info: read_master_sgdma_Data_Read_Master_translator: "mm_interconnect_0" instantiated altera_merlin_master_translator "read_master_sgdma_Data_Read_Master_translator"
Info: hps_0_f2h_sdram1_data_translator: "mm_interconnect_0" instantiated altera_merlin_slave_translator "hps_0_f2h_sdram1_data_translator"
Info: read_master_sgdma_Data_Read_Master_agent: "mm_interconnect_0" instantiated altera_merlin_master_agent "read_master_sgdma_Data_Read_Master_agent"
Info: hps_0_f2h_sdram1_data_agent: "mm_interconnect_0" instantiated altera_merlin_slave_agent "hps_0_f2h_sdram1_data_agent"
Info: router: "mm_interconnect_0" instantiated altera_merlin_router "router"
Info: router_001: "mm_interconnect_0" instantiated altera_merlin_router "router_001"
Info: cmd_demux: "mm_interconnect_0" instantiated altera_merlin_demultiplexer "cmd_demux"
Info: cmd_mux: "mm_interconnect_0" instantiated altera_merlin_multiplexer "cmd_mux"
Info: rsp_mux: "mm_interconnect_0" instantiated altera_merlin_multiplexer "rsp_mux"
Info: Reusing file D:/memory/MemoryProcessing/HW/soc/synthesis/submodules/altera_merlin_arbitrator.sv
Info: avalon_st_adapter: "mm_interconnect_0" instantiated altera_avalon_st_adapter "avalon_st_adapter"
Info: router: "mm_interconnect_1" instantiated altera_merlin_router "router"
Info: router_001: "mm_interconnect_1" instantiated altera_merlin_router "router_001"
Info: hps_0_h2f_lw_axi_master_agent: "mm_interconnect_2" instantiated altera_merlin_axi_master_ni "hps_0_h2f_lw_axi_master_agent"
Info: router: "mm_interconnect_2" instantiated altera_merlin_router "router"
Info: router_002: "mm_interconnect_2" instantiated altera_merlin_router "router_002"
Info: router_004: "mm_interconnect_2" instantiated altera_merlin_router "router_004"
Info: hps_0_h2f_lw_axi_master_wr_limiter: "mm_interconnect_2" instantiated altera_merlin_traffic_limiter "hps_0_h2f_lw_axi_master_wr_limiter"
Info: Reusing file D:/memory/MemoryProcessing/HW/soc/synthesis/submodules/altera_avalon_sc_fifo.v
Info: sgdma_write_CSR_burst_adapter: "mm_interconnect_2" instantiated altera_merlin_burst_adapter "sgdma_write_CSR_burst_adapter"
Info: Reusing file D:/memory/MemoryProcessing/HW/soc/synthesis/submodules/altera_merlin_address_alignment.sv
Info: Reusing file D:/memory/MemoryProcessing/HW/soc/synthesis/submodules/altera_avalon_st_pipeline_base.v
Info: cmd_demux: "mm_interconnect_2" instantiated altera_merlin_demultiplexer "cmd_demux"
Info: cmd_mux: "mm_interconnect_2" instantiated altera_merlin_multiplexer "cmd_mux"
Info: Reusing file D:/memory/MemoryProcessing/HW/soc/synthesis/submodules/altera_merlin_arbitrator.sv
Info: rsp_demux: "mm_interconnect_2" instantiated altera_merlin_demultiplexer "rsp_demux"
Info: rsp_mux: "mm_interconnect_2" instantiated altera_merlin_multiplexer "rsp_mux"
Info: Reusing file D:/memory/MemoryProcessing/HW/soc/synthesis/submodules/altera_merlin_arbitrator.sv
Info: sgdma_write_Descriptor_Slave_rsp_width_adapter: "mm_interconnect_2" instantiated altera_merlin_width_adapter "sgdma_write_Descriptor_Slave_rsp_width_adapter"
Info: Reusing file D:/memory/MemoryProcessing/HW/soc/synthesis/submodules/altera_merlin_address_alignment.sv
Info: Reusing file D:/memory/MemoryProcessing/HW/soc/synthesis/submodules/altera_merlin_burst_uncompressor.sv
Info: avalon_st_adapter: "mm_interconnect_2" instantiated altera_avalon_st_adapter "avalon_st_adapter"
Info: avalon_st_adapter_002: "mm_interconnect_2" instantiated altera_avalon_st_adapter "avalon_st_adapter_002"
Info: channel_adapter_0: "avalon_st_adapter" instantiated channel_adapter "channel_adapter_0"
Info: border: "hps_io" instantiated altera_interface_generator "border"
Info: error_adapter_0: "avalon_st_adapter" instantiated error_adapter "error_adapter_0"
Info: error_adapter_0: "avalon_st_adapter" instantiated error_adapter "error_adapter_0"
Info: error_adapter_0: "avalon_st_adapter_002" instantiated error_adapter "error_adapter_0"
Info: soc: Done "soc" with 43 modules, 112 files
Info: ip-generate succeeded.
Info: Finished: Create HDL design files for synthesis
