Flow report for rfDemo
Mon Nov 28 13:47:26 2016
Quartus II 64-Bit Version 15.0.0 Build 145 04/22/2015 SJ Web Edition


---------------------
; Table of Contents ;
---------------------
  1. Legal Notice
  2. Flow Summary
  3. Flow Settings
  4. Flow Non-Default Global Settings
  5. Flow Elapsed Time
  6. Flow OS Summary
  7. Flow Log
  8. Flow Messages
  9. Flow Suppressed Messages



----------------
; Legal Notice ;
----------------
Copyright (C) 1991-2015 Altera Corporation. All rights reserved.
Your use of Altera Corporation's design tools, logic functions 
and other software and tools, and its AMPP partner logic 
functions, and any output files from any of the foregoing 
(including device programming or simulation files), and any 
associated documentation or information are expressly subject 
to the terms and conditions of the Altera Program License 
Subscription Agreement, the Altera Quartus II License Agreement,
the Altera MegaCore Function License Agreement, or other 
applicable license agreement, including, without limitation, 
that your use is for the sole purpose of programming logic 
devices manufactured by Altera and sold by Altera or its 
authorized distributors.  Please refer to the applicable 
agreement for further details.



+------------------------------------------------------------------------------+
; Flow Summary                                                                 ;
+---------------------------------+--------------------------------------------+
; Flow Status                     ; Successful - Mon Nov 28 13:47:26 2016      ;
; Quartus II 64-Bit Version       ; 15.0.0 Build 145 04/22/2015 SJ Web Edition ;
; Revision Name                   ; rfDemo                                     ;
; Top-level Entity Name           ; rfDemo                                     ;
; Family                          ; Cyclone V                                  ;
; Device                          ; 5CSXFC6D6F31C6                             ;
; Timing Models                   ; Final                                      ;
; Logic utilization (in ALMs)     ; 1,662 / 41,910 ( 4 % )                     ;
; Total registers                 ; 3254                                       ;
; Total pins                      ; 89 / 499 ( 18 % )                          ;
; Total virtual pins              ; 0                                          ;
; Total block memory bits         ; 56,864 / 5,662,720 ( 1 % )                 ;
; Total DSP Blocks                ; 0 / 112 ( 0 % )                            ;
; Total HSSI RX PCSs              ; 0 / 9 ( 0 % )                              ;
; Total HSSI PMA RX Deserializers ; 0 / 9 ( 0 % )                              ;
; Total HSSI TX PCSs              ; 0 / 9 ( 0 % )                              ;
; Total HSSI PMA TX Serializers   ; 0 / 9 ( 0 % )                              ;
; Total PLLs                      ; 0 / 15 ( 0 % )                             ;
; Total DLLs                      ; 1 / 4 ( 25 % )                             ;
+---------------------------------+--------------------------------------------+


+-----------------------------------------+
; Flow Settings                           ;
+-------------------+---------------------+
; Option            ; Setting             ;
+-------------------+---------------------+
; Start date & time ; 11/28/2016 13:40:10 ;
; Main task         ; Compilation         ;
; Revision Name     ; rfDemo              ;
+-------------------+---------------------+


+------------------------------------------------------------------------------------------------------------------------------------------------------------------------+
; Flow Non-Default Global Settings                                                                                                                                       ;
+---------------------------------------+-------------------------------------------------------------------+---------------+-------------------------+------------------+
; Assignment Name                       ; Value                                                             ; Default Value ; Entity Name             ; Section Id       ;
+---------------------------------------+-------------------------------------------------------------------+---------------+-------------------------+------------------+
; COMPILER_SIGNATURE_ID                 ; 181164205771757.148033680506956                                   ; --            ; --                      ; --               ;
; ECO_REGENERATE_REPORT                 ; On                                                                ; Off           ; --                      ; --               ;
; EDA_OUTPUT_DATA_FORMAT                ; Vhdl                                                              ; --            ; --                      ; eda_simulation   ;
; EDA_SIMULATION_TOOL                   ; ModelSim-Altera (VHDL)                                            ; <None>        ; --                      ; --               ;
; ENABLE_SIGNALTAP                      ; On                                                                ; --            ; --                      ; --               ;
; HPS_ISW_FILE                          ; soc/synthesis/submodules/sequencer/alt_types.pre.h                ; --            ; soc_hps_0_hps_io_border ; --               ;
; HPS_ISW_FILE                          ; soc/synthesis/submodules/sequencer/emif.pre.xml                   ; --            ; soc_hps_0_hps_io_border ; --               ;
; HPS_ISW_FILE                          ; soc/synthesis/submodules/sequencer/sdram_io.pre.h                 ; --            ; soc_hps_0_hps_io_border ; --               ;
; HPS_ISW_FILE                          ; soc/synthesis/submodules/sequencer/sequencer.pre.c                ; --            ; soc_hps_0_hps_io_border ; --               ;
; HPS_ISW_FILE                          ; soc/synthesis/submodules/sequencer/sequencer.pre.h                ; --            ; soc_hps_0_hps_io_border ; --               ;
; HPS_ISW_FILE                          ; soc/synthesis/submodules/sequencer/sequencer_auto.pre.h           ; --            ; soc_hps_0_hps_io_border ; --               ;
; HPS_ISW_FILE                          ; soc/synthesis/submodules/sequencer/sequencer_auto_ac_init.pre.c   ; --            ; soc_hps_0_hps_io_border ; --               ;
; HPS_ISW_FILE                          ; soc/synthesis/submodules/sequencer/sequencer_auto_inst_init.pre.c ; --            ; soc_hps_0_hps_io_border ; --               ;
; HPS_ISW_FILE                          ; soc/synthesis/submodules/sequencer/sequencer_defines.pre.h        ; --            ; soc_hps_0_hps_io_border ; --               ;
; HPS_ISW_FILE                          ; soc/synthesis/submodules/sequencer/system.pre.h                   ; --            ; soc_hps_0_hps_io_border ; --               ;
; HPS_ISW_FILE                          ; soc/synthesis/submodules/sequencer/tclrpt.pre.c                   ; --            ; soc_hps_0_hps_io_border ; --               ;
; HPS_ISW_FILE                          ; soc/synthesis/submodules/sequencer/tclrpt.pre.h                   ; --            ; soc_hps_0_hps_io_border ; --               ;
; HPS_ISW_FILE                          ; soc/synthesis/submodules/hps.pre.xml                              ; --            ; soc_hps_0_hps_io_border ; --               ;
; HPS_PARTITION                         ; On                                                                ; --            ; soc_hps_0_hps_io_border ; --               ;
; MAX_CORE_JUNCTION_TEMP                ; 85                                                                ; --            ; --                      ; --               ;
; MIN_CORE_JUNCTION_TEMP                ; 0                                                                 ; --            ; --                      ; --               ;
; MISC_FILE                             ; soc/synthesis/../soc.cmp                                          ; --            ; --                      ; --               ;
; MISC_FILE                             ; soc/synthesis/../../output_files/D                                ; --            ; --                      ; --               ;
; MISC_FILE                             ; soc/synthesis/soc_hps_0_hps.svd                                   ; --            ; --                      ; --               ;
; MISC_FILE                             ; soc/synthesis/../../soc.qsys                                      ; --            ; --                      ; --               ;
; MISC_FILE                             ; soc/synthesis/submodules/sequencer/alt_types.pre.h                ; --            ; --                      ; --               ;
; MISC_FILE                             ; soc/synthesis/submodules/sequencer/emif.pre.xml                   ; --            ; --                      ; --               ;
; MISC_FILE                             ; soc/synthesis/submodules/sequencer/sdram_io.pre.h                 ; --            ; --                      ; --               ;
; MISC_FILE                             ; soc/synthesis/submodules/sequencer/sequencer.pre.c                ; --            ; --                      ; --               ;
; MISC_FILE                             ; soc/synthesis/submodules/sequencer/sequencer.pre.h                ; --            ; --                      ; --               ;
; MISC_FILE                             ; soc/synthesis/submodules/sequencer/sequencer_auto.pre.h           ; --            ; --                      ; --               ;
; MISC_FILE                             ; soc/synthesis/submodules/sequencer/sequencer_auto_ac_init.pre.c   ; --            ; --                      ; --               ;
; MISC_FILE                             ; soc/synthesis/submodules/sequencer/sequencer_auto_inst_init.pre.c ; --            ; --                      ; --               ;
; MISC_FILE                             ; soc/synthesis/submodules/sequencer/sequencer_defines.pre.h        ; --            ; --                      ; --               ;
; MISC_FILE                             ; soc/synthesis/submodules/sequencer/system.pre.h                   ; --            ; --                      ; --               ;
; MISC_FILE                             ; soc/synthesis/submodules/sequencer/tclrpt.pre.c                   ; --            ; --                      ; --               ;
; MISC_FILE                             ; soc/synthesis/submodules/sequencer/tclrpt.pre.h                   ; --            ; --                      ; --               ;
; MISC_FILE                             ; soc/synthesis/submodules/hps.pre.xml                              ; --            ; --                      ; --               ;
; PARTITION_COLOR                       ; 16764057                                                          ; --            ; --                      ; Top              ;
; PARTITION_FITTER_PRESERVATION_LEVEL   ; PLACEMENT_AND_ROUTING                                             ; --            ; --                      ; Top              ;
; PARTITION_NETLIST_TYPE                ; SOURCE                                                            ; --            ; --                      ; Top              ;
; POWER_BOARD_THERMAL_MODEL             ; None (CONSERVATIVE)                                               ; --            ; --                      ; --               ;
; POWER_PRESET_COOLING_SOLUTION         ; 23 MM HEAT SINK WITH 200 LFPM AIRFLOW                             ; --            ; --                      ; --               ;
; PROJECT_OUTPUT_DIRECTORY              ; output_files                                                      ; --            ; --                      ; --               ;
; SLD_FILE                              ; soc/synthesis/soc.regmap                                          ; --            ; --                      ; --               ;
; SLD_FILE                              ; soc/synthesis/soc.debuginfo                                       ; --            ; --                      ; --               ;
; SLD_FILE                              ; db/TXtest_auto_stripped.stp                                       ; --            ; --                      ; --               ;
; SLD_INFO                              ; QSYS_NAME soc HAS_SOPCINFO 1 GENERATION_ID 1480336733             ; --            ; soc                     ; --               ;
; SLD_NODE_CREATOR_ID                   ; 110                                                               ; --            ; --                      ; auto_signaltap_0 ;
; SLD_NODE_ENTITY_NAME                  ; sld_signaltap                                                     ; --            ; --                      ; auto_signaltap_0 ;
; SLD_NODE_PARAMETER_ASSIGNMENT         ; SLD_RAM_BLOCK_TYPE=AUTO                                           ; --            ; --                      ; auto_signaltap_0 ;
; SLD_NODE_PARAMETER_ASSIGNMENT         ; SLD_DATA_BITS=14                                                  ; --            ; --                      ; auto_signaltap_0 ;
; SLD_NODE_PARAMETER_ASSIGNMENT         ; SLD_TRIGGER_BITS=1                                                ; --            ; --                      ; auto_signaltap_0 ;
; SLD_NODE_PARAMETER_ASSIGNMENT         ; SLD_STORAGE_QUALIFIER_BITS=14                                     ; --            ; --                      ; auto_signaltap_0 ;
; SLD_NODE_PARAMETER_ASSIGNMENT         ; SLD_NODE_INFO=805334528                                           ; --            ; --                      ; auto_signaltap_0 ;
; SLD_NODE_PARAMETER_ASSIGNMENT         ; SLD_POWER_UP_TRIGGER=0                                            ; --            ; --                      ; auto_signaltap_0 ;
; SLD_NODE_PARAMETER_ASSIGNMENT         ; SLD_INVERSION_MASK=0000000000000000000000000                      ; --            ; --                      ; auto_signaltap_0 ;
; SLD_NODE_PARAMETER_ASSIGNMENT         ; SLD_INVERSION_MASK_LENGTH=25                                      ; --            ; --                      ; auto_signaltap_0 ;
; SLD_NODE_PARAMETER_ASSIGNMENT         ; SLD_STORAGE_QUALIFIER_INVERSION_MASK_LENGTH=0                     ; --            ; --                      ; auto_signaltap_0 ;
; SLD_NODE_PARAMETER_ASSIGNMENT         ; SLD_SEGMENT_SIZE=256                                              ; --            ; --                      ; auto_signaltap_0 ;
; SLD_NODE_PARAMETER_ASSIGNMENT         ; SLD_ATTRIBUTE_MEM_MODE=OFF                                        ; --            ; --                      ; auto_signaltap_0 ;
; SLD_NODE_PARAMETER_ASSIGNMENT         ; SLD_STATE_FLOW_USE_GENERATED=0                                    ; --            ; --                      ; auto_signaltap_0 ;
; SLD_NODE_PARAMETER_ASSIGNMENT         ; SLD_STATE_BITS=11                                                 ; --            ; --                      ; auto_signaltap_0 ;
; SLD_NODE_PARAMETER_ASSIGNMENT         ; SLD_BUFFER_FULL_STOP=1                                            ; --            ; --                      ; auto_signaltap_0 ;
; SLD_NODE_PARAMETER_ASSIGNMENT         ; SLD_CURRENT_RESOURCE_WIDTH=1                                      ; --            ; --                      ; auto_signaltap_0 ;
; SLD_NODE_PARAMETER_ASSIGNMENT         ; SLD_INCREMENTAL_ROUTING=1                                         ; --            ; --                      ; auto_signaltap_0 ;
; SLD_NODE_PARAMETER_ASSIGNMENT         ; SLD_TRIGGER_LEVEL=1                                               ; --            ; --                      ; auto_signaltap_0 ;
; SLD_NODE_PARAMETER_ASSIGNMENT         ; SLD_SAMPLE_DEPTH=256                                              ; --            ; --                      ; auto_signaltap_0 ;
; SLD_NODE_PARAMETER_ASSIGNMENT         ; SLD_TRIGGER_IN_ENABLED=0                                          ; --            ; --                      ; auto_signaltap_0 ;
; SLD_NODE_PARAMETER_ASSIGNMENT         ; SLD_ADVANCED_TRIGGER_ENTITY=basic,1,                              ; --            ; --                      ; auto_signaltap_0 ;
; SLD_NODE_PARAMETER_ASSIGNMENT         ; SLD_TRIGGER_LEVEL_PIPELINE=1                                      ; --            ; --                      ; auto_signaltap_0 ;
; SLD_NODE_PARAMETER_ASSIGNMENT         ; SLD_ENABLE_ADVANCED_TRIGGER=0                                     ; --            ; --                      ; auto_signaltap_0 ;
; SOPCINFO_FILE                         ; soc/synthesis/../../soc.sopcinfo                                  ; --            ; --                      ; --               ;
; SYNTHESIS_ONLY_QIP                    ; On                                                                ; --            ; --                      ; --               ;
; USE_DLL_FREQUENCY_FOR_DQS_DELAY_CHAIN ; On                                                                ; Off           ; --                      ; --               ;
; USE_SIGNALTAP_FILE                    ; TXtest.stp                                                        ; --            ; --                      ; --               ;
+---------------------------------------+-------------------------------------------------------------------+---------------+-------------------------+------------------+


+-------------------------------------------------------------------------------------------------------------------------------+
; Flow Elapsed Time                                                                                                             ;
+---------------------------+--------------+-------------------------+---------------------+------------------------------------+
; Module Name               ; Elapsed Time ; Average Processors Used ; Peak Virtual Memory ; Total CPU Time (on all processors) ;
+---------------------------+--------------+-------------------------+---------------------+------------------------------------+
; Analysis & Synthesis      ; 00:00:45     ; 1.0                     ; 1096 MB             ; 00:01:07                           ;
; Fitter                    ; 00:01:30     ; 1.5                     ; 3172 MB             ; 00:02:18                           ;
; Assembler                 ; 00:00:14     ; 1.0                     ; 802 MB              ; 00:00:14                           ;
; TimeQuest Timing Analyzer ; 00:00:35     ; 1.3                     ; 1548 MB             ; 00:00:43                           ;
; EDA Netlist Writer        ; 00:00:05     ; 1.0                     ; 764 MB              ; 00:00:05                           ;
; Total                     ; 00:03:09     ; --                      ; --                  ; 00:04:27                           ;
+---------------------------+--------------+-------------------------+---------------------+------------------------------------+


+----------------------------------------------------------------------------------------+
; Flow OS Summary                                                                        ;
+---------------------------+------------------+-----------+------------+----------------+
; Module Name               ; Machine Hostname ; OS Name   ; OS Version ; Processor type ;
+---------------------------+------------------+-----------+------------+----------------+
; Analysis & Synthesis      ; KN-000434        ; Windows 7 ; 6.1        ; x86_64         ;
; Fitter                    ; KN-000434        ; Windows 7 ; 6.1        ; x86_64         ;
; Assembler                 ; KN-000434        ; Windows 7 ; 6.1        ; x86_64         ;
; TimeQuest Timing Analyzer ; KN-000434        ; Windows 7 ; 6.1        ; x86_64         ;
; EDA Netlist Writer        ; KN-000434        ; Windows 7 ; 6.1        ; x86_64         ;
+---------------------------+------------------+-----------+------------+----------------+


------------
; Flow Log ;
------------
quartus_map --read_settings_files=on --write_settings_files=off rfDemo -c rfDemo
quartus_fit --read_settings_files=off --write_settings_files=off rfDemo -c rfDemo
quartus_asm --read_settings_files=off --write_settings_files=off rfDemo -c rfDemo
quartus_sta rfDemo -c rfDemo
quartus_eda --read_settings_files=off --write_settings_files=off rfDemo -c rfDemo



